#
# There is insufficient memory for the Java Runtime Environment to continue.
# Native memory allocation (malloc) failed to allocate 32744 bytes for ChunkPool::allocate
# Possible reasons:
#   The system is out of physical RAM or swap space
#   The process is running with CompressedOops enabled, and the Java Heap may be blocking the growth of the native heap
# Possible solutions:
#   Reduce memory load on the system
#   Increase physical memory or swap space
#   Check if swap backing store is full
#   Decrease Java heap size (-Xmx/-Xms)
#   Decrease number of Java threads
#   Decrease Java thread stack sizes (-Xss)
#   Set larger code cache with -XX:ReservedCodeCacheSize=
#   JVM is running with Unscaled Compressed Oops mode in which the Java heap is
#     placed in the first 4GB address space. The Java Heap base address is the
#     maximum limit for the native heap growth. Please use -XX:HeapBaseMinAddress
#     to set the Java Heap base and to place the Java Heap above 4GB virtual address.
# This output file may be truncated or incomplete.
#
#  Out of Memory Error (allocation.cpp:272), pid=2604, tid=0x000000000000102c
#
# JRE version: Java(TM) SE Runtime Environment (8.0_231-b11) (build 1.8.0_231-b11)
# Java VM: Java HotSpot(TM) 64-Bit Server VM (25.231-b11 mixed mode windows-amd64 compressed oops)
# Failed to write core dump. Minidumps are not enabled by default on client versions of Windows
#

---------------  T H R E A D  ---------------

Current thread (0x0000000054ed8000):  JavaThread "C2 CompilerThread0" daemon [_thread_in_native, id=4140, stack(0x0000000055f10000,0x0000000056010000)]

Stack: [0x0000000055f10000,0x0000000056010000]
[error occurred during error reporting (printing stack bounds), id 0xc0000005]

Native frames: (J=compiled Java code, j=interpreted, Vv=VM code, C=native code)


Current CompileTask:
C2:   8171 3242 %     4       org.springframework.asm.ClassReader::readCode @ 2160 (5085 bytes)


---------------  P R O C E S S  ---------------

Java Threads: ( => current thread )
  0x0000000059864800 JavaThread "Scheduler-1769190683" [_thread_blocked, id=1492, stack(0x000000005c4d0000,0x000000005c5d0000)]
  0x0000000057bbb800 JavaThread "qtp487694075-19" [_thread_blocked, id=912, stack(0x000000005ba50000,0x000000005bb50000)]
  0x0000000057bba800 JavaThread "qtp487694075-18" [_thread_blocked, id=3396, stack(0x0000000057430000,0x0000000057530000)]
  0x000000005993c000 JavaThread "qtp487694075-17" [_thread_blocked, id=2872, stack(0x000000005c130000,0x000000005c230000)]
  0x00000000597fd800 JavaThread "qtp487694075-16" [_thread_blocked, id=3184, stack(0x000000005bf20000,0x000000005c020000)]
  0x0000000057cb8800 JavaThread "qtp487694075-15" [_thread_blocked, id=3788, stack(0x000000005bcb0000,0x000000005bdb0000)]
  0x0000000057cb7800 JavaThread "qtp487694075-14" [_thread_blocked, id=5060, stack(0x000000005bb60000,0x000000005bc60000)]
  0x0000000056b99000 JavaThread "qtp487694075-13" [_thread_blocked, id=4564, stack(0x000000005b940000,0x000000005ba40000)]
  0x0000000056b98800 JavaThread "qtp487694075-12" [_thread_blocked, id=3960, stack(0x0000000058950000,0x0000000058a50000)]
  0x000000005629c800 JavaThread "Service Thread" daemon [_thread_blocked, id=3652, stack(0x00000000566e0000,0x00000000567e0000)]
  0x0000000054f2e000 JavaThread "C1 CompilerThread1" daemon [_thread_blocked, id=4068, stack(0x0000000056190000,0x0000000056290000)]
=>0x0000000054ed8000 JavaThread "C2 CompilerThread0" daemon [_thread_in_native, id=4140, stack(0x0000000055f10000,0x0000000056010000)]
  0x0000000054ed6800 JavaThread "Attach Listener" daemon [_thread_blocked, id=1436, stack(0x0000000056010000,0x0000000056110000)]
  0x0000000054ed4800 JavaThread "Signal Dispatcher" daemon [_thread_blocked, id=3484, stack(0x0000000055e00000,0x0000000055f00000)]
  0x0000000054eb3000 JavaThread "Finalizer" daemon [_thread_blocked, id=2640, stack(0x0000000055cf0000,0x0000000055df0000)]
  0x0000000054e6c000 JavaThread "Reference Handler" daemon [_thread_blocked, id=3448, stack(0x0000000055b40000,0x0000000055c40000)]
  0x00000000020f5000 JavaThread "main" [_thread_in_Java, id=1344, stack(0x0000000002610000,0x0000000002710000)]

Other Threads:
  0x0000000054e61800 VMThread [stack: 0x00000000558d0000,0x00000000559d0000] [id=4820]
  0x00000000562ab000 WatcherThread [stack: 0x00000000567f0000,0x00000000568f0000] [id=2808]

VM state:not at safepoint (normal execution)

VM Mutex/Monitor currently owned by a thread: None

OutOfMemory and StackOverflow Exception counts:
OutOfMemoryError java_heap_errors=2

heap address: 0x00000000c0000000, size: 1024 MB, Compressed Oops mode: 32-bit
Narrow klass base: 0x0000000000000000, Narrow klass shift: 0
Compressed class space size: 1073741824 Address: 0x0000000014530000

Heap:
 PSYoungGen      total 286208K, used 58445K [0x00000000eab00000, 0x00000000fcb80000, 0x0000000100000000)
  eden space 282112K, 19% used [0x00000000eab00000,0x00000000ee015910,0x00000000fbe80000)
  from space 4096K, 99% used [0x00000000fc780000,0x00000000fcb7ddc0,0x00000000fcb80000)
  to   space 6144K, 0% used [0x00000000fbf80000,0x00000000fbf80000,0x00000000fc580000)
 ParOldGen       total 29184K, used 10123K [0x00000000c0000000, 0x00000000c1c80000, 0x00000000eab00000)
  object space 29184K, 34% used [0x00000000c0000000,0x00000000c09e2dc0,0x00000000c1c80000)
 Metaspace       used 32757K, capacity 34150K, committed 34432K, reserved 1079296K
  class space    used 4353K, capacity 4631K, committed 4736K, reserved 1048576K

Card table byte_map: [0x0000000011da0000,0x0000000011fb0000] byte_map_base: 0x00000000117a0000

Marking Bits: (ParMarkBitMap*) 0x0000000073146d90
 Begin Bits: [0x0000000012330000, 0x0000000013330000)
 End Bits:   [0x0000000013330000, 0x0000000014330000)

Polling page: 0x0000000000250000

CodeCache: size=245760Kb used=10390Kb max_used=10390Kb free=235369Kb
 bounds [0x00000000029e0000, 0x0000000003410000, 0x00000000119e0000]
 total_blobs=3590 nmethods=3158 adapters=343
 compilation: enabled

Compilation events (10 events):
Event: 8.111 Thread 0x0000000054f2e000 3478       2       java.util.stream.ReferencePipeline::filter (22 bytes)
Event: 8.111 Thread 0x0000000054f2e000 nmethod 3478 0x00000000034096d0 code [0x0000000003409840, 0x0000000003409b18]
Event: 8.111 Thread 0x0000000054f2e000 3479       2       java.util.stream.ReferencePipeline$2::<init> (20 bytes)
Event: 8.111 Thread 0x0000000054f2e000 nmethod 3479 0x0000000003409c90 code [0x0000000003409e00, 0x0000000003409fa8]
Event: 8.113 Thread 0x0000000054f2e000 3480       1       java.util.EnumMap::access$600 (5 bytes)
Event: 8.113 Thread 0x0000000054f2e000 nmethod 3480 0x000000000340a090 code [0x000000000340a1e0, 0x000000000340a2d0]
Event: 8.114 Thread 0x0000000054f2e000 3481   !   2       org.springframework.beans.factory.support.AbstractBeanDefinition::prepareMethodOverrides (68 bytes)
Event: 8.115 Thread 0x0000000054f2e000 nmethod 3481 0x000000000340a350 code [0x000000000340a520, 0x000000000340aa48]
Event: 8.115 Thread 0x0000000054f2e000 3482       2       org.springframework.beans.TypeConverterDelegate::<init> (15 bytes)
Event: 8.115 Thread 0x0000000054f2e000 nmethod 3482 0x000000000340ae50 code [0x000000000340afa0, 0x000000000340b110]

GC Heap History (10 events):
Event: 3.068 GC heap before
{Heap before GC invocations=9 (full 0):
 PSYoungGen      total 133120K, used 132336K [0x00000000eab00000, 0x00000000f3000000, 0x0000000100000000)
  eden space 130048K, 100% used [0x00000000eab00000,0x00000000f2a00000,0x00000000f2a00000)
  from space 3072K, 74% used [0x00000000f2d00000,0x00000000f2f3c010,0x00000000f3000000)
  to   space 3072K, 0% used [0x00000000f2a00000,0x00000000f2a00000,0x00000000f2d00000)
 ParOldGen       total 44032K, used 2343K [0x00000000c0000000, 0x00000000c2b00000, 0x00000000eab00000)
  object space 44032K, 5% used [0x00000000c0000000,0x00000000c0249c48,0x00000000c2b00000)
 Metaspace       used 19241K, capacity 19724K, committed 20096K, reserved 1067008K
  class space    used 2476K, capacity 2620K, committed 2688K, reserved 1048576K
Event: 3.086 GC heap after
Heap after GC invocations=9 (full 0):
 PSYoungGen      total 133120K, used 2512K [0x00000000eab00000, 0x00000000f7c80000, 0x0000000100000000)
  eden space 130048K, 0% used [0x00000000eab00000,0x00000000eab00000,0x00000000f2a00000)
  from space 3072K, 81% used [0x00000000f2a00000,0x00000000f2c74010,0x00000000f2d00000)
  to   space 3072K, 0% used [0x00000000f7980000,0x00000000f7980000,0x00000000f7c80000)
 ParOldGen       total 44032K, used 2903K [0x00000000c0000000, 0x00000000c2b00000, 0x00000000eab00000)
  object space 44032K, 6% used [0x00000000c0000000,0x00000000c02d5c48,0x00000000c2b00000)
 Metaspace       used 19241K, capacity 19724K, committed 20096K, reserved 1067008K
  class space    used 2476K, capacity 2620K, committed 2688K, reserved 1048576K
}
Event: 3.542 GC heap before
{Heap before GC invocations=10 (full 0):
 PSYoungGen      total 133120K, used 44127K [0x00000000eab00000, 0x00000000f7c80000, 0x0000000100000000)
  eden space 130048K, 32% used [0x00000000eab00000,0x00000000ed3a3e08,0x00000000f2a00000)
  from space 3072K, 81% used [0x00000000f2a00000,0x00000000f2c74010,0x00000000f2d00000)
  to   space 3072K, 0% used [0x00000000f7980000,0x00000000f7980000,0x00000000f7c80000)
 ParOldGen       total 44032K, used 2903K [0x00000000c0000000, 0x00000000c2b00000, 0x00000000eab00000)
  object space 44032K, 6% used [0x00000000c0000000,0x00000000c02d5c48,0x00000000c2b00000)
 Metaspace       used 20599K, capacity 21162K, committed 21296K, reserved 1067008K
  class space    used 2695K, capacity 2887K, committed 2944K, reserved 1048576K
Event: 3.548 GC heap after
Heap after GC invocations=10 (full 0):
 PSYoungGen      total 210944K, used 1216K [0x00000000eab00000, 0x00000000f7d80000, 0x0000000100000000)
  eden space 207872K, 0% used [0x00000000eab00000,0x00000000eab00000,0x00000000f7600000)
  from space 3072K, 39% used [0x00000000f7980000,0x00000000f7ab0000,0x00000000f7c80000)
  to   space 3584K, 0% used [0x00000000f7600000,0x00000000f7600000,0x00000000f7980000)
 ParOldGen       total 44032K, used 4428K [0x00000000c0000000, 0x00000000c2b00000, 0x00000000eab00000)
  object space 44032K, 10% used [0x00000000c0000000,0x00000000c04531a8,0x00000000c2b00000)
 Metaspace       used 20599K, capacity 21162K, committed 21296K, reserved 1067008K
  class space    used 2695K, capacity 2887K, committed 2944K, reserved 1048576K
}
Event: 3.548 GC heap before
{Heap before GC invocations=11 (full 1):
 PSYoungGen      total 210944K, used 1216K [0x00000000eab00000, 0x00000000f7d80000, 0x0000000100000000)
  eden space 207872K, 0% used [0x00000000eab00000,0x00000000eab00000,0x00000000f7600000)
  from space 3072K, 39% used [0x00000000f7980000,0x00000000f7ab0000,0x00000000f7c80000)
  to   space 3584K, 0% used [0x00000000f7600000,0x00000000f7600000,0x00000000f7980000)
 ParOldGen       total 44032K, used 4428K [0x00000000c0000000, 0x00000000c2b00000, 0x00000000eab00000)
  object space 44032K, 10% used [0x00000000c0000000,0x00000000c04531a8,0x00000000c2b00000)
 Metaspace       used 20599K, capacity 21162K, committed 21296K, reserved 1067008K
  class space    used 2695K, capacity 2887K, committed 2944K, reserved 1048576K
Event: 3.604 GC heap after
Heap after GC invocations=11 (full 1):
 PSYoungGen      total 210944K, used 0K [0x00000000eab00000, 0x00000000f7d80000, 0x0000000100000000)
  eden space 207872K, 0% used [0x00000000eab00000,0x00000000eab00000,0x00000000f7600000)
  from space 3072K, 0% used [0x00000000f7980000,0x00000000f7980000,0x00000000f7c80000)
  to   space 3584K, 0% used [0x00000000f7600000,0x00000000f7600000,0x00000000f7980000)
 ParOldGen       total 29184K, used 5419K [0x00000000c0000000, 0x00000000c1c80000, 0x00000000eab00000)
  object space 29184K, 18% used [0x00000000c0000000,0x00000000c054ad70,0x00000000c1c80000)
 Metaspace       used 20599K, capacity 21162K, committed 21296K, reserved 1067008K
  class space    used 2695K, capacity 2887K, committed 2944K, reserved 1048576K
}
Event: 5.466 GC heap before
{Heap before GC invocations=12 (full 1):
 PSYoungGen      total 210944K, used 207872K [0x00000000eab00000, 0x00000000f7d80000, 0x0000000100000000)
  eden space 207872K, 100% used [0x00000000eab00000,0x00000000f7600000,0x00000000f7600000)
  from space 3072K, 0% used [0x00000000f7980000,0x00000000f7980000,0x00000000f7c80000)
  to   space 3584K, 0% used [0x00000000f7600000,0x00000000f7600000,0x00000000f7980000)
 ParOldGen       total 29184K, used 5419K [0x00000000c0000000, 0x00000000c1c80000, 0x00000000eab00000)
  object space 29184K, 18% used [0x00000000c0000000,0x00000000c054ad70,0x00000000c1c80000)
 Metaspace       used 24173K, capacity 24974K, committed 25216K, reserved 1071104K
  class space    used 3170K, capacity 3367K, committed 3456K, reserved 1048576K
Event: 5.478 GC heap after
Heap after GC invocations=12 (full 1):
 PSYoungGen      total 211456K, used 3572K [0x00000000eab00000, 0x00000000fcb80000, 0x0000000100000000)
  eden space 207872K, 0% used [0x00000000eab00000,0x00000000eab00000,0x00000000f7600000)
  from space 3584K, 99% used [0x00000000f7600000,0x00000000f797d040,0x00000000f7980000)
  to   space 4096K, 0% used [0x00000000fc780000,0x00000000fc780000,0x00000000fcb80000)
 ParOldGen       total 29184K, used 6259K [0x00000000c0000000, 0x00000000c1c80000, 0x00000000eab00000)
  object space 29184K, 21% used [0x00000000c0000000,0x00000000c061cd70,0x00000000c1c80000)
 Metaspace       used 24173K, capacity 24974K, committed 25216K, reserved 1071104K
  class space    used 3170K, capacity 3367K, committed 3456K, reserved 1048576K
}
Event: 7.629 GC heap before
{Heap before GC invocations=13 (full 1):
 PSYoungGen      total 211456K, used 211444K [0x00000000eab00000, 0x00000000fcb80000, 0x0000000100000000)
  eden space 207872K, 100% used [0x00000000eab00000,0x00000000f7600000,0x00000000f7600000)
  from space 3584K, 99% used [0x00000000f7600000,0x00000000f797d040,0x00000000f7980000)
  to   space 4096K, 0% used [0x00000000fc780000,0x00000000fc780000,0x00000000fcb80000)
 ParOldGen       total 29184K, used 6259K [0x00000000c0000000, 0x00000000c1c80000, 0x00000000eab00000)
  object space 29184K, 21% used [0x00000000c0000000,0x00000000c061cd70,0x00000000c1c80000)
 Metaspace       used 31477K, capacity 32760K, committed 32896K, reserved 1077248K
  class space    used 4176K, capacity 4460K, committed 4480K, reserved 1048576K
Event: 7.652 GC heap after
Heap after GC invocations=13 (full 1):
 PSYoungGen      total 286208K, used 4087K [0x00000000eab00000, 0x00000000fcb80000, 0x0000000100000000)
  eden space 282112K, 0% used [0x00000000eab00000,0x00000000eab00000,0x00000000fbe80000)
  from space 4096K, 99% used [0x00000000fc780000,0x00000000fcb7ddc0,0x00000000fcb80000)
  to   space 6144K, 0% used [0x00000000fbf80000,0x00000000fbf80000,0x00000000fc580000)
 ParOldGen       total 29184K, used 10123K [0x00000000c0000000, 0x00000000c1c80000, 0x00000000eab00000)
  object space 29184K, 34% used [0x00000000c0000000,0x00000000c09e2dc0,0x00000000c1c80000)
 Metaspace       used 31477K, capacity 32760K, committed 32896K, reserved 1077248K
  class space    used 4176K, capacity 4460K, committed 4480K, reserved 1048576K
}

Deoptimization events (10 events):
Event: 6.199 Thread 0x00000000020f5000 Uncommon trap: reason=unstable_if action=reinterpret pc=0x0000000003227a58 method=org.springframework.boot.context.properties.source.ConfigurationPropertyName$Elements.charAt(II)C @ 13
Event: 6.745 Thread 0x00000000020f5000 Uncommon trap: reason=unstable_if action=reinterpret pc=0x0000000002d46fa8 method=org.springframework.boot.loader.jar.AsciiBytes.matches(Ljava/lang/CharSequence;C)Z @ 13
Event: 6.751 Thread 0x00000000020f5000 Uncommon trap: reason=unstable_if action=reinterpret pc=0x000000000300e098 method=org.springframework.boot.loader.jar.Handler.openConnection(Ljava/net/URL;)Ljava/net/URLConnection; @ 4
Event: 6.751 Thread 0x00000000020f5000 Uncommon trap: reason=unstable_if action=reinterpret pc=0x00000000031e9064 method=java.lang.ref.SoftReference.get()Ljava/lang/Object; @ 6
Event: 6.752 Thread 0x00000000020f5000 Uncommon trap: reason=unstable_if action=reinterpret pc=0x0000000002caf7b8 method=org.springframework.boot.loader.jar.AsciiBytes.hashCode(Ljava/lang/CharSequence;)I @ 4
Event: 7.280 Thread 0x00000000020f5000 Uncommon trap: reason=null_check action=make_not_entrant pc=0x0000000003304a50 method=java.lang.Boolean.equals(Ljava/lang/Object;)Z @ 1
Event: 7.459 Thread 0x00000000020f5000 Uncommon trap: reason=unstable_if action=reinterpret pc=0x000000000334a884 method=org.springframework.beans.factory.support.AbstractBeanFactory.isTypeMatch(Ljava/lang/String;Lorg/springframework/core/ResolvableType;)Z @ 508
Event: 7.533 Thread 0x00000000020f5000 Uncommon trap: reason=class_check action=maybe_recompile pc=0x0000000002deba6c method=java.util.concurrent.ConcurrentHashMap.putVal(Ljava/lang/Object;Ljava/lang/Object;Z)Ljava/lang/Object; @ 192
Event: 7.610 Thread 0x00000000020f5000 Uncommon trap: reason=class_check action=maybe_recompile pc=0x0000000002deba6c method=java.util.concurrent.ConcurrentHashMap.putVal(Ljava/lang/Object;Ljava/lang/Object;Z)Ljava/lang/Object; @ 192
Event: 7.664 Thread 0x00000000020f5000 Uncommon trap: reason=unstable_if action=reinterpret pc=0x00000000033bd184 method=java.lang.reflect.Method.equals(Ljava/lang/Object;)Z @ 1

Classes redefined (0 events):
No events

Internal exceptions (10 events):
Event: 7.657 Thread 0x00000000020f5000 Exception <a 'java/lang/ClassNotFoundException': org/springframework/boot/autoconfigure/web/servlet/WebMvcAutoConfiguration$EnableWebMvcConfigurationCustomizer> (0x00000000eac82c98) thrown at [C:\re\workspace\8-2-build-windows-amd64-cygwin\jdk8u231\13620\
Event: 7.658 Thread 0x00000000020f5000 Exception <a 'java/lang/ClassNotFoundException': org/springframework/boot/autoconfigure/web/servlet/WebMvcAutoConfiguration$EnableWebMvcConfiguration$$EnhancerBySpringCGLIB$$52e1f717Customizer> (0x00000000ead42980) thrown at [C:\re\workspace\8-2-build-win
Event: 7.660 Thread 0x00000000020f5000 Exception <a 'java/lang/ClassNotFoundException': org/springframework/context/annotation/ConfigurationClassEnhancer$EnhancedConfigurationCustomizer> (0x00000000eadf5880) thrown at [C:\re\workspace\8-2-build-windows-amd64-cygwin\jdk8u231\13620\hotspot\src\s
Event: 7.660 Thread 0x00000000020f5000 Exception <a 'java/lang/ClassNotFoundException': org/springframework/beans/factory/BeanFactoryAwareCustomizer> (0x00000000eae6b370) thrown at [C:\re\workspace\8-2-build-windows-amd64-cygwin\jdk8u231\13620\hotspot\src\share\vm\classfile\systemDictionary.cp
Event: 7.661 Thread 0x00000000020f5000 Exception <a 'java/lang/ClassNotFoundException': org/springframework/beans/factory/AwareCustomizer> (0x00000000eaed98a0) thrown at [C:\re\workspace\8-2-build-windows-amd64-cygwin\jdk8u231\13620\hotspot\src\share\vm\classfile\systemDictionary.cpp, line 210
Event: 7.662 Thread 0x00000000020f5000 Exception <a 'java/lang/ClassNotFoundException': org/springframework/context/ApplicationContextAwareCustomizer> (0x00000000eaf4fd98) thrown at [C:\re\workspace\8-2-build-windows-amd64-cygwin\jdk8u231\13620\hotspot\src\share\vm\classfile\systemDictionary.c
Event: 7.662 Thread 0x00000000020f5000 Exception <a 'java/lang/ClassNotFoundException': org/springframework/beans/factory/AwareCustomizer> (0x00000000eafbe2a0) thrown at [C:\re\workspace\8-2-build-windows-amd64-cygwin\jdk8u231\13620\hotspot\src\share\vm\classfile\systemDictionary.cpp, line 210
Event: 7.663 Thread 0x00000000020f5000 Exception <a 'java/lang/ClassNotFoundException': org/springframework/web/context/ServletContextAwareCustomizer> (0x00000000eb034710) thrown at [C:\re\workspace\8-2-build-windows-amd64-cygwin\jdk8u231\13620\hotspot\src\share\vm\classfile\systemDictionary.c
Event: 7.664 Thread 0x00000000020f5000 Exception <a 'java/lang/ClassNotFoundException': org/springframework/beans/factory/AwareCustomizer> (0x00000000eb0a2798) thrown at [C:\re\workspace\8-2-build-windows-amd64-cygwin\jdk8u231\13620\hotspot\src\share\vm\classfile\systemDictionary.cpp, line 210
Event: 7.664 Thread 0x00000000020f5000 Implicit null exception at 0x00000000033bcffc to 0x00000000033bd171

Events (10 events):
Event: 8.112 loading class java/util/EnumMap$EntrySet
Event: 8.112 loading class java/util/EnumMap$EntrySet done
Event: 8.112 loading class java/util/EnumMap$EntryIterator
Event: 8.112 loading class java/util/EnumMap$EnumMapIterator
Event: 8.112 loading class java/util/EnumMap$EnumMapIterator done
Event: 8.112 loading class java/util/EnumMap$EntryIterator done
Event: 8.132 Thread 0x00000000020f5000 DEOPT PACKING pc=0x0000000002e8dec6 sp=0x00000000027060d0
Event: 8.132 Thread 0x00000000020f5000 DEOPT UNPACKING pc=0x0000000002a27890 sp=0x0000000002705f28 mode 0
Event: 8.133 loading class com/fasterxml/jackson/module/paramnames/ParameterNamesAnnotationIntrospector
Event: 8.133 loading class com/fasterxml/jackson/module/paramnames/ParameterNamesAnnotationIntrospector done


Dynamic libraries:
0x000000013fdd0000 - 0x000000013fe07000 	C:\Program Files (x86)\Common Files\Oracle\Java\javapath\java.exe
0x0000000077a90000 - 0x0000000077c2f000 	C:\Windows\SYSTEM32\ntdll.dll
0x0000000077970000 - 0x0000000077a8f000 	C:\Windows\system32\kernel32.dll
0x000007fefd690000 - 0x000007fefd6f7000 	C:\Windows\system32\KERNELBASE.dll
0x000007fefe290000 - 0x000007fefe36b000 	C:\Windows\system32\ADVAPI32.dll
0x000007fefdda0000 - 0x000007fefde3f000 	C:\Windows\system32\msvcrt.dll
0x000007fefe140000 - 0x000007fefe15f000 	C:\Windows\SYSTEM32\sechost.dll
0x000007fefe160000 - 0x000007fefe28c000 	C:\Windows\system32\RPCRT4.dll
0x0000000077870000 - 0x000000007796a000 	C:\Windows\system32\USER32.dll
0x000007fefdd30000 - 0x000007fefdd97000 	C:\Windows\system32\GDI32.dll
0x000007fefdf00000 - 0x000007fefdf0e000 	C:\Windows\system32\LPK.dll
0x000007fefe070000 - 0x000007fefe13b000 	C:\Windows\system32\USP10.dll
0x000007fefbf80000 - 0x000007fefc175000 	C:\Windows\WinSxS\amd64_microsoft.windows.common-controls_6595b64144ccf1df_6.0.7601.24483_none_e372d88f30fbb845\COMCTL32.dll
0x000007fefde40000 - 0x000007fefdeb1000 	C:\Windows\system32\SHLWAPI.dll
0x000007fefded0000 - 0x000007fefdefe000 	C:\Windows\system32\IMM32.DLL
0x000007fefdf10000 - 0x000007fefe01b000 	C:\Windows\system32\MSCTF.dll
0x0000000075120000 - 0x00000000751f2000 	C:\Program Files\Java\jre1.8.0_231\bin\msvcr100.dll
0x0000000072920000 - 0x00000000731c6000 	C:\Program Files\Java\jre1.8.0_231\bin\server\jvm.dll
0x000007fefae70000 - 0x000007fefae79000 	C:\Windows\system32\WSOCK32.dll
0x000007fefe020000 - 0x000007fefe06d000 	C:\Windows\system32\WS2_32.dll
0x000007fefdec0000 - 0x000007fefdec8000 	C:\Windows\system32\NSI.dll
0x000007fef8e20000 - 0x000007fef8e5b000 	C:\Windows\system32\WINMM.dll
0x000007fefc840000 - 0x000007fefc84c000 	C:\Windows\system32\VERSION.dll
0x0000000077c30000 - 0x0000000077c37000 	C:\Windows\system32\PSAPI.DLL
0x000007fef64e0000 - 0x000007fef64ef000 	C:\Program Files\Java\jre1.8.0_231\bin\verify.dll
0x000007fef20f0000 - 0x000007fef2119000 	C:\Program Files\Java\jre1.8.0_231\bin\java.dll
0x000007fef41d0000 - 0x000007fef41e6000 	C:\Program Files\Java\jre1.8.0_231\bin\zip.dll
0x000007fefeb80000 - 0x000007feff90b000 	C:\Windows\system32\SHELL32.dll
0x000007fefdb30000 - 0x000007fefdd2f000 	C:\Windows\system32\ole32.dll
0x000007fefd5e0000 - 0x000007fefd5ef000 	C:\Windows\system32\profapi.dll
0x000007fef5510000 - 0x000007fef551d000 	C:\Program Files\Java\jre1.8.0_231\bin\management.dll
0x000007fef20d0000 - 0x000007fef20ea000 	C:\Program Files\Java\jre1.8.0_231\bin\net.dll
0x000007fefcd20000 - 0x000007fefcd75000 	C:\Windows\system32\mswsock.dll
0x000007fefcd10000 - 0x000007fefcd17000 	C:\Windows\System32\wship6.dll
0x000007fefb360000 - 0x000007fefb375000 	C:\Windows\system32\NLAapi.dll
0x000007fefb000000 - 0x000007fefb015000 	C:\Windows\system32\napinsp.dll
0x000007fefafe0000 - 0x000007fefaff9000 	C:\Windows\system32\pnrpnsp.dll
0x000007fefcba0000 - 0x000007fefcbfb000 	C:\Windows\system32\DNSAPI.dll
0x000007fefafd0000 - 0x000007fefafdb000 	C:\Windows\System32\winrnr.dll
0x000007fefc710000 - 0x000007fefc717000 	C:\Windows\System32\wshtcpip.dll
0x000007fefc810000 - 0x000007fefc837000 	C:\Windows\system32\IPHLPAPI.DLL
0x000007fefc800000 - 0x000007fefc80b000 	C:\Windows\system32\WINNSI.DLL
0x000007fefa600000 - 0x000007fefa608000 	C:\Windows\system32\rasadhlp.dll
0x000007fefaeb0000 - 0x000007fefaf03000 	C:\Windows\System32\fwpuclnt.dll
0x000007fefcd80000 - 0x000007fefcd98000 	C:\Windows\system32\CRYPTSP.dll
0x000007fefca80000 - 0x000007fefcac7000 	C:\Windows\system32\rsaenh.dll
0x000007fefd700000 - 0x000007fefd71f000 	C:\Windows\system32\USERENV.dll
0x000007fefd440000 - 0x000007fefd44f000 	C:\Windows\system32\CRYPTBASE.dll
0x000007fefae20000 - 0x000007fefae31000 	C:\Windows\system32\dhcpcsvc6.DLL
0x000007fefc6d0000 - 0x000007fefc6e8000 	C:\Windows\system32\dhcpcsvc.DLL
0x000007fef64c0000 - 0x000007fef64d2000 	C:\Program Files\Java\jre1.8.0_231\bin\nio.dll

VM Arguments:
java_command: cpn-ide-back-1.24-SNAPSHOT.jar
java_class_path (initial): cpn-ide-back-1.24-SNAPSHOT.jar
Launcher Type: SUN_STANDARD

Environment Variables:
PATH=C:\Program Files\nodejs\node_modules\npm\node_modules\npm-lifecycle\node-gyp-bin;C:\INDEV\development\tue\cpn-js\cpn-ide-front\node_modules\.bin;C:\Program Files (x86)\Common Files\Oracle\Java\javapath;C:\Windows\system32;C:\Windows;C:\Windows\System32\Wbem;C:\Windows\System32\WindowsPowerShell\v1.0\;C:\Users\user\.dnx\bin;C:\Program Files\Microsoft DNX\Dnvm\;C:\Program Files\Microsoft SQL Server\130\Tools\Binn\;C:\Program Files\Git\cmd;c:\Qt\5.11.2\msvc2015_64\bin\;C:\Program Files (x86)\SMLNJ\bin\;C:\Program Files\nodejs\;;C:\Users\user\AppData\Local\Programs\Microsoft VS Code\bin;C:\Users\user\AppData\Roaming\npm;c:\Gradle\gradle-6.0.1\bin
USERNAME=user
OS=Windows_NT
PROCESSOR_IDENTIFIER=Intel64 Family 6 Model 58 Stepping 9, GenuineIntel



---------------  S Y S T E M  ---------------

OS: Windows 7 , 64 bit Build 7601 (6.1.7601.24535)

CPU:total 2 (initial active 2) (2 cores per cpu, 1 threads per core) family 6 model 58 stepping 9, cmov, cx8, fxsr, mmx, sse, sse2, sse3, ssse3, sse4.1, sse4.2, popcnt, avx, aes, clmul, tsc, tscinvbit, tscinv

Memory: 4k page, physical 4193848k(655848k free), swap 4191948k(3292k free)

vm_info: Java HotSpot(TM) 64-Bit Server VM (25.231-b11) for windows-amd64 JRE (1.8.0_231-b11), built on Oct  5 2019 03:11:30 by "java_re" with MS VC++ 10.0 (VS2010)

time: Thu Dec 05 11:54:51 2019
timezone: RTZ 2 (зима)
elapsed time: 8 seconds (0d 0h 0m 8s)

