#
# There is insufficient memory for the Java Runtime Environment to continue.
# Native memory allocation (malloc) failed to allocate 1624352 bytes for Chunk::new
# Possible reasons:
#   The system is out of physical RAM or swap space
#   The process is running with CompressedOops enabled, and the Java Heap may be blocking the growth of the native heap
# Possible solutions:
#   Reduce memory load on the system
#   Increase physical memory or swap space
#   Check if swap backing store is full
#   Decrease Java heap size (-Xmx/-Xms)
#   Decrease number of Java threads
#   Decrease Java thread stack sizes (-Xss)
#   Set larger code cache with -XX:ReservedCodeCacheSize=
#   JVM is running with Unscaled Compressed Oops mode in which the Java heap is
#     placed in the first 4GB address space. The Java Heap base address is the
#     maximum limit for the native heap growth. Please use -XX:HeapBaseMinAddress
#     to set the Java Heap base and to place the Java Heap above 4GB virtual address.
# This output file may be truncated or incomplete.
#
#  Out of Memory Error (allocation.cpp:389), pid=4612, tid=0x0000000000000cd0
#
# JRE version: Java(TM) SE Runtime Environment (8.0_231-b11) (build 1.8.0_231-b11)
# Java VM: Java HotSpot(TM) 64-Bit Server VM (25.231-b11 mixed mode windows-amd64 compressed oops)
# Failed to write core dump. Minidumps are not enabled by default on client versions of Windows
#

---------------  T H R E A D  ---------------

Current thread (0x0000000054ea6800):  JavaThread "C2 CompilerThread0" daemon [_thread_in_native, id=3280, stack(0x0000000056040000,0x0000000056140000)]

Stack: [0x0000000056040000,0x0000000056140000]
[error occurred during error reporting (printing stack bounds), id 0xc0000005]

Native frames: (J=compiled Java code, j=interpreted, Vv=VM code, C=native code)


Current CompileTask:
C2:   4034 1670   !   4       java.net.URLClassLoader$1::run (63 bytes)


---------------  P R O C E S S  ---------------

Java Threads: ( => current thread )
  0x00000000563b0800 JavaThread "Service Thread" daemon [_thread_blocked, id=640, stack(0x0000000056800000,0x0000000056900000)]
  0x0000000054eb2000 JavaThread "C1 CompilerThread1" daemon [_thread_blocked, id=4232, stack(0x0000000056290000,0x0000000056390000)]
=>0x0000000054ea6800 JavaThread "C2 CompilerThread0" daemon [_thread_in_native, id=3280, stack(0x0000000056040000,0x0000000056140000)]
  0x0000000054ea5000 JavaThread "Attach Listener" daemon [_thread_blocked, id=4624, stack(0x0000000055f20000,0x0000000056020000)]
  0x0000000054ea3800 JavaThread "Signal Dispatcher" daemon [_thread_blocked, id=3432, stack(0x0000000055da0000,0x0000000055ea0000)]
  0x0000000054e83000 JavaThread "Finalizer" daemon [_thread_blocked, id=2464, stack(0x0000000055c00000,0x0000000055d00000)]
  0x0000000054e3c000 JavaThread "Reference Handler" daemon [_thread_blocked, id=2268, stack(0x0000000055980000,0x0000000055a80000)]
  0x0000000002185000 JavaThread "main" [_thread_in_vm, id=5076, stack(0x0000000002280000,0x0000000002380000)]

Other Threads:
  0x0000000054e31800 VMThread [stack: 0x00000000557e0000,0x00000000558e0000] [id=3976]
  0x00000000563b5000 WatcherThread [stack: 0x0000000056940000,0x0000000056a40000] [id=2704]

VM state:not at safepoint (normal execution)

VM Mutex/Monitor currently owned by a thread: None

heap address: 0x00000000c0000000, size: 1024 MB, Compressed Oops mode: 32-bit
Narrow klass base: 0x0000000000000000, Narrow klass shift: 0
Compressed class space size: 1073741824 Address: 0x0000000014500000

Heap:
 PSYoungGen      total 284672K, used 29386K [0x00000000eab00000, 0x00000000fd600000, 0x0000000100000000)
  eden space 263168K, 11% used [0x00000000eab00000,0x00000000ec7b2a68,0x00000000fac00000)
  from space 21504K, 0% used [0x00000000fc100000,0x00000000fc100000,0x00000000fd600000)
  to   space 21504K, 0% used [0x00000000fac00000,0x00000000fac00000,0x00000000fc100000)
 ParOldGen       total 349696K, used 5469K [0x00000000c0000000, 0x00000000d5580000, 0x00000000eab00000)
  object space 349696K, 1% used [0x00000000c0000000,0x00000000c0557630,0x00000000d5580000)
 Metaspace       used 21289K, capacity 21978K, committed 22192K, reserved 1069056K
  class space    used 2783K, capacity 2983K, committed 2992K, reserved 1048576K

Card table byte_map: [0x0000000011b30000,0x0000000011d40000] byte_map_base: 0x0000000011530000

Marking Bits: (ParMarkBitMap*) 0x000000006e3f6d90
 Begin Bits: [0x0000000012300000, 0x0000000013300000)
 End Bits:   [0x0000000013300000, 0x0000000014300000)

Polling page: 0x00000000001c0000

CodeCache: size=245760Kb used=6001Kb max_used=6001Kb free=239758Kb
 bounds [0x0000000002770000, 0x0000000002d50000, 0x0000000011770000]
 total_blobs=2229 nmethods=1868 adapters=273
 compilation: enabled

Compilation events (10 events):
Event: 4.025 Thread 0x0000000054eb2000 1876       2       org.springframework.util.LinkedMultiValueMap::<init> (17 bytes)
Event: 4.025 Thread 0x0000000054eb2000 nmethod 1876 0x0000000002d4ccd0 code [0x0000000002d4ce60, 0x0000000002d4d068]
Event: 4.025 Thread 0x0000000054eb2000 1873       2       org.springframework.asm.Label::accept (65 bytes)
Event: 4.025 Thread 0x0000000054eb2000 nmethod 1873 0x0000000002d4d150 code [0x0000000002d4d2e0, 0x0000000002d4d5c8]
Event: 4.026 Thread 0x0000000054eb2000 1875       2       org.springframework.asm.MethodVisitor::visitFrame (22 bytes)
Event: 4.026 Thread 0x0000000054eb2000 nmethod 1875 0x0000000002d4d790 code [0x0000000002d4d900, 0x0000000002d4da88]
Event: 4.026 Thread 0x0000000054eb2000 1874       2       org.springframework.asm.MethodVisitor::visitParameter (36 bytes)
Event: 4.026 Thread 0x0000000054eb2000 nmethod 1874 0x0000000002d4db50 code [0x0000000002d4dcc0, 0x0000000002d4def8]
Event: 4.026 Thread 0x0000000054eb2000 1880       1       org.springframework.core.type.filter.AbstractTypeHierarchyTraversingFilter::matchClassName (2 bytes)
Event: 4.026 Thread 0x0000000054eb2000 nmethod 1880 0x0000000002d4e010 code [0x0000000002d4e160, 0x0000000002d4e270]

GC Heap History (10 events):
Event: 2.010 GC heap before
{Heap before GC invocations=1 (full 0):
 PSYoungGen      total 153088K, used 131584K [0x00000000eab00000, 0x00000000f5580000, 0x0000000100000000)
  eden space 131584K, 100% used [0x00000000eab00000,0x00000000f2b80000,0x00000000f2b80000)
  from space 21504K, 0% used [0x00000000f4080000,0x00000000f4080000,0x00000000f5580000)
  to   space 21504K, 0% used [0x00000000f2b80000,0x00000000f2b80000,0x00000000f4080000)
 ParOldGen       total 349696K, used 0K [0x00000000c0000000, 0x00000000d5580000, 0x00000000eab00000)
  object space 349696K, 0% used [0x00000000c0000000,0x00000000c0000390,0x00000000d5580000)
 Metaspace       used 10479K, capacity 10738K, committed 10880K, reserved 1058816K
  class space    used 1292K, capacity 1381K, committed 1408K, reserved 1048576K
Event: 2.017 GC heap after
Heap after GC invocations=1 (full 0):
 PSYoungGen      total 153088K, used 3136K [0x00000000eab00000, 0x00000000f5580000, 0x0000000100000000)
  eden space 131584K, 0% used [0x00000000eab00000,0x00000000eab00000,0x00000000f2b80000)
  from space 21504K, 14% used [0x00000000f2b80000,0x00000000f2e90030,0x00000000f4080000)
  to   space 21504K, 0% used [0x00000000f4080000,0x00000000f4080000,0x00000000f5580000)
 ParOldGen       total 349696K, used 16K [0x00000000c0000000, 0x00000000d5580000, 0x00000000eab00000)
  object space 349696K, 0% used [0x00000000c0000000,0x00000000c0004390,0x00000000d5580000)
 Metaspace       used 10479K, capacity 10738K, committed 10880K, reserved 1058816K
  class space    used 1292K, capacity 1381K, committed 1408K, reserved 1048576K
}
Event: 2.761 GC heap before
{Heap before GC invocations=2 (full 0):
 PSYoungGen      total 153088K, used 134720K [0x00000000eab00000, 0x00000000f5580000, 0x0000000100000000)
  eden space 131584K, 100% used [0x00000000eab00000,0x00000000f2b80000,0x00000000f2b80000)
  from space 21504K, 14% used [0x00000000f2b80000,0x00000000f2e90030,0x00000000f4080000)
  to   space 21504K, 0% used [0x00000000f4080000,0x00000000f4080000,0x00000000f5580000)
 ParOldGen       total 349696K, used 28K [0x00000000c0000000, 0x00000000d5580000, 0x00000000eab00000)
  object space 349696K, 0% used [0x00000000c0000000,0x00000000c00070a8,0x00000000d5580000)
 Metaspace       used 14636K, capacity 15114K, committed 15360K, reserved 1062912K
  class space    used 1922K, capacity 2045K, committed 2048K, reserved 1048576K
Event: 2.778 GC heap after
Heap after GC invocations=2 (full 0):
 PSYoungGen      total 153088K, used 4672K [0x00000000eab00000, 0x00000000fd600000, 0x0000000100000000)
  eden space 131584K, 0% used [0x00000000eab00000,0x00000000eab00000,0x00000000f2b80000)
  from space 21504K, 21% used [0x00000000f4080000,0x00000000f4510010,0x00000000f5580000)
  to   space 21504K, 0% used [0x00000000f2b80000,0x00000000f2b80000,0x00000000f4080000)
 ParOldGen       total 349696K, used 28K [0x00000000c0000000, 0x00000000d5580000, 0x00000000eab00000)
  object space 349696K, 0% used [0x00000000c0000000,0x00000000c00070a8,0x00000000d5580000)
 Metaspace       used 14636K, capacity 15114K, committed 15360K, reserved 1062912K
  class space    used 1922K, capacity 2045K, committed 2048K, reserved 1048576K
}
Event: 3.478 GC heap before
{Heap before GC invocations=3 (full 0):
 PSYoungGen      total 153088K, used 136256K [0x00000000eab00000, 0x00000000fd600000, 0x0000000100000000)
  eden space 131584K, 100% used [0x00000000eab00000,0x00000000f2b80000,0x00000000f2b80000)
  from space 21504K, 21% used [0x00000000f4080000,0x00000000f4510010,0x00000000f5580000)
  to   space 21504K, 0% used [0x00000000f2b80000,0x00000000f2b80000,0x00000000f4080000)
 ParOldGen       total 349696K, used 28K [0x00000000c0000000, 0x00000000d5580000, 0x00000000eab00000)
  object space 349696K, 0% used [0x00000000c0000000,0x00000000c00070a8,0x00000000d5580000)
 Metaspace       used 19512K, capacity 20060K, committed 20352K, reserved 1067008K
  class space    used 2516K, capacity 2664K, committed 2688K, reserved 1048576K
Event: 3.519 GC heap after
Heap after GC invocations=3 (full 0):
 PSYoungGen      total 153088K, used 5440K [0x00000000eab00000, 0x00000000fd600000, 0x0000000100000000)
  eden space 131584K, 0% used [0x00000000eab00000,0x00000000eab00000,0x00000000f2b80000)
  from space 21504K, 25% used [0x00000000f2b80000,0x00000000f30d0010,0x00000000f4080000)
  to   space 21504K, 0% used [0x00000000fc100000,0x00000000fc100000,0x00000000fd600000)
 ParOldGen       total 349696K, used 28K [0x00000000c0000000, 0x00000000d5580000, 0x00000000eab00000)
  object space 349696K, 0% used [0x00000000c0000000,0x00000000c00070a8,0x00000000d5580000)
 Metaspace       used 19512K, capacity 20060K, committed 20352K, reserved 1067008K
  class space    used 2516K, capacity 2664K, committed 2688K, reserved 1048576K
}
Event: 3.693 GC heap before
{Heap before GC invocations=4 (full 0):
 PSYoungGen      total 153088K, used 45019K [0x00000000eab00000, 0x00000000fd600000, 0x0000000100000000)
  eden space 131584K, 30% used [0x00000000eab00000,0x00000000ed1a6cb0,0x00000000f2b80000)
  from space 21504K, 25% used [0x00000000f2b80000,0x00000000f30d0010,0x00000000f4080000)
  to   space 21504K, 0% used [0x00000000fc100000,0x00000000fc100000,0x00000000fd600000)
 ParOldGen       total 349696K, used 28K [0x00000000c0000000, 0x00000000d5580000, 0x00000000eab00000)
  object space 349696K, 0% used [0x00000000c0000000,0x00000000c00070a8,0x00000000d5580000)
 Metaspace       used 20595K, capacity 21166K, committed 21296K, reserved 1067008K
  class space    used 2679K, capacity 2863K, committed 2864K, reserved 1048576K
Event: 3.703 GC heap after
Heap after GC invocations=4 (full 0):
 PSYoungGen      total 284672K, used 5488K [0x00000000eab00000, 0x00000000fd600000, 0x0000000100000000)
  eden space 263168K, 0% used [0x00000000eab00000,0x00000000eab00000,0x00000000fac00000)
  from space 21504K, 25% used [0x00000000fc100000,0x00000000fc65c010,0x00000000fd600000)
  to   space 21504K, 0% used [0x00000000fac00000,0x00000000fac00000,0x00000000fc100000)
 ParOldGen       total 349696K, used 100K [0x00000000c0000000, 0x00000000d5580000, 0x00000000eab00000)
  object space 349696K, 0% used [0x00000000c0000000,0x00000000c00190b8,0x00000000d5580000)
 Metaspace       used 20595K, capacity 21166K, committed 21296K, reserved 1067008K
  class space    used 2679K, capacity 2863K, committed 2864K, reserved 1048576K
}
Event: 3.703 GC heap before
{Heap before GC invocations=5 (full 1):
 PSYoungGen      total 284672K, used 5488K [0x00000000eab00000, 0x00000000fd600000, 0x0000000100000000)
  eden space 263168K, 0% used [0x00000000eab00000,0x00000000eab00000,0x00000000fac00000)
  from space 21504K, 25% used [0x00000000fc100000,0x00000000fc65c010,0x00000000fd600000)
  to   space 21504K, 0% used [0x00000000fac00000,0x00000000fac00000,0x00000000fc100000)
 ParOldGen       total 349696K, used 100K [0x00000000c0000000, 0x00000000d5580000, 0x00000000eab00000)
  object space 349696K, 0% used [0x00000000c0000000,0x00000000c00190b8,0x00000000d5580000)
 Metaspace       used 20595K, capacity 21166K, committed 21296K, reserved 1067008K
  class space    used 2679K, capacity 2863K, committed 2864K, reserved 1048576K
Event: 3.745 GC heap after
Heap after GC invocations=5 (full 1):
 PSYoungGen      total 284672K, used 0K [0x00000000eab00000, 0x00000000fd600000, 0x0000000100000000)
  eden space 263168K, 0% used [0x00000000eab00000,0x00000000eab00000,0x00000000fac00000)
  from space 21504K, 0% used [0x00000000fc100000,0x00000000fc100000,0x00000000fd600000)
  to   space 21504K, 0% used [0x00000000fac00000,0x00000000fac00000,0x00000000fc100000)
 ParOldGen       total 349696K, used 5469K [0x00000000c0000000, 0x00000000d5580000, 0x00000000eab00000)
  object space 349696K, 1% used [0x00000000c0000000,0x00000000c0557630,0x00000000d5580000)
 Metaspace       used 20595K, capacity 21166K, committed 21296K, reserved 1067008K
  class space    used 2679K, capacity 2863K, committed 2864K, reserved 1048576K
}

Deoptimization events (10 events):
Event: 2.870 Thread 0x0000000057089000 Uncommon trap: reason=class_check action=maybe_recompile pc=0x0000000002b0c5e0 method=java.util.concurrent.ConcurrentHashMap.putVal(Ljava/lang/Object;Ljava/lang/Object;Z)Ljava/lang/Object; @ 192
Event: 2.873 Thread 0x0000000057089000 Uncommon trap: reason=class_check action=maybe_recompile pc=0x0000000002b0c5e0 method=java.util.concurrent.ConcurrentHashMap.putVal(Ljava/lang/Object;Ljava/lang/Object;Z)Ljava/lang/Object; @ 192
Event: 2.892 Thread 0x0000000057089000 Uncommon trap: reason=class_check action=maybe_recompile pc=0x0000000002b2b054 method=java.util.HashMap.putVal(ILjava/lang/Object;Ljava/lang/Object;ZZ)Ljava/lang/Object; @ 203
Event: 2.923 Thread 0x0000000057089000 Uncommon trap: reason=class_check action=maybe_recompile pc=0x0000000002b2b054 method=java.util.HashMap.putVal(ILjava/lang/Object;Ljava/lang/Object;ZZ)Ljava/lang/Object; @ 203
Event: 2.927 Thread 0x0000000057089000 Uncommon trap: reason=class_check action=maybe_recompile pc=0x0000000002b2b054 method=java.util.HashMap.putVal(ILjava/lang/Object;Ljava/lang/Object;ZZ)Ljava/lang/Object; @ 203
Event: 3.028 Thread 0x0000000002185000 Uncommon trap: reason=unstable_if action=reinterpret pc=0x0000000002acbcf0 method=java.util.HashMap.getNode(ILjava/lang/Object;)Ljava/util/HashMap$Node; @ 129
Event: 3.028 Thread 0x0000000002185000 Uncommon trap: reason=class_check action=maybe_recompile pc=0x0000000002b2b054 method=java.util.HashMap.putVal(ILjava/lang/Object;Ljava/lang/Object;ZZ)Ljava/lang/Object; @ 203
Event: 3.304 Thread 0x0000000002185000 Uncommon trap: reason=class_check action=maybe_recompile pc=0x0000000002b2e318 method=java.util.HashMap.putVal(ILjava/lang/Object;Ljava/lang/Object;ZZ)Ljava/lang/Object; @ 203
Event: 3.688 Thread 0x0000000002185000 Uncommon trap: reason=null_check action=make_not_entrant pc=0x0000000002c6206c method=java.net.URL.getURLStreamHandler(Ljava/lang/String;)Ljava/net/URLStreamHandler; @ 7
Event: 3.688 Thread 0x0000000002185000 Uncommon trap: reason=unstable_if action=reinterpret pc=0x0000000002a772b8 method=org.springframework.boot.loader.jar.Handler.parseURL(Ljava/net/URL;Ljava/lang/String;II)V @ 14

Classes redefined (0 events):
No events

Internal exceptions (10 events):
Event: 3.609 Thread 0x0000000002185000 Exception <a 'java/lang/ClassNotFoundException': org/springframework/core/OrderedCustomizer> (0x00000000ebd214b0) thrown at [C:\re\workspace\8-2-build-windows-amd64-cygwin\jdk8u231\13620\hotspot\src\share\vm\classfile\systemDictionary.cpp, line 210]
Event: 3.610 Thread 0x0000000002185000 Exception <a 'java/lang/ClassNotFoundException': org/springframework/context/ResourceLoaderAwareCustomizer> (0x00000000ebd91e68) thrown at [C:\re\workspace\8-2-build-windows-amd64-cygwin\jdk8u231\13620\hotspot\src\share\vm\classfile\systemDictionary.cpp, 
Event: 3.611 Thread 0x0000000002185000 Exception <a 'java/lang/ClassNotFoundException': org/springframework/beans/factory/AwareCustomizer> (0x00000000ebdfc618) thrown at [C:\re\workspace\8-2-build-windows-amd64-cygwin\jdk8u231\13620\hotspot\src\share\vm\classfile\systemDictionary.cpp, line 210
Event: 3.611 Thread 0x0000000002185000 Exception <a 'java/lang/ClassNotFoundException': org/springframework/beans/factory/BeanClassLoaderAwareCustomizer> (0x00000000ebe71988) thrown at [C:\re\workspace\8-2-build-windows-amd64-cygwin\jdk8u231\13620\hotspot\src\share\vm\classfile\systemDictionar
Event: 3.612 Thread 0x0000000002185000 Exception <a 'java/lang/ClassNotFoundException': org/springframework/beans/factory/AwareCustomizer> (0x00000000ebedc160) thrown at [C:\re\workspace\8-2-build-windows-amd64-cygwin\jdk8u231\13620\hotspot\src\share\vm\classfile\systemDictionary.cpp, line 210
Event: 3.613 Thread 0x0000000002185000 Exception <a 'java/lang/ClassNotFoundException': org/springframework/context/EnvironmentAwareCustomizer> (0x00000000ebf48ee0) thrown at [C:\re\workspace\8-2-build-windows-amd64-cygwin\jdk8u231\13620\hotspot\src\share\vm\classfile\systemDictionary.cpp, lin
Event: 3.614 Thread 0x0000000002185000 Exception <a 'java/lang/ClassNotFoundException': org/springframework/beans/factory/AwareCustomizer> (0x00000000ebfb3568) thrown at [C:\re\workspace\8-2-build-windows-amd64-cygwin\jdk8u231\13620\hotspot\src\share\vm\classfile\systemDictionary.cpp, line 210
Event: 3.688 Thread 0x0000000002185000 Exception <a 'java/lang/ClassNotFoundException': org/springframework/boot/loader/jar/Handler> (0x00000000ecf33948) thrown at [C:\re\workspace\8-2-build-windows-amd64-cygwin\jdk8u231\13620\hotspot\src\share\vm\classfile\systemDictionary.cpp, line 210]
Event: 3.918 Thread 0x0000000057089000 Exception <a 'java/lang/IncompatibleClassChangeError': Found class java.lang.Object, but interface was expected> (0x00000000eb02f768) thrown at [C:\re\workspace\8-2-build-windows-amd64-cygwin\jdk8u231\13620\hotspot\src\share\vm\interpreter\linkResolver.cp
Event: 3.928 Thread 0x0000000057089000 Exception <a 'java/lang/NoClassDefFoundError': org/apache/catalina/mbeans/MBeanFactory> (0x00000000ebc209e8) thrown at [C:\re\workspace\8-2-build-windows-amd64-cygwin\jdk8u231\13620\hotspot\src\share\vm\classfile\systemDictionary.cpp, line 199]

Events (10 events):
Event: 3.998 loading class org/mapstruct/NullValueMappingStrategy
Event: 3.998 loading class org/mapstruct/NullValueMappingStrategy done
Event: 3.999 loading class org/mapstruct/MappingInheritanceStrategy
Event: 3.999 loading class org/mapstruct/MappingInheritanceStrategy done
Event: 4.000 loading class org/mapstruct/NullValueCheckStrategy
Event: 4.000 loading class org/mapstruct/NullValueCheckStrategy done
Event: 4.003 loading class com/google/common/annotations/VisibleForTesting
Event: 4.003 loading class com/google/common/annotations/VisibleForTesting done
Event: 4.011 loading class org/mapstruct/Mappings
Event: 4.011 loading class org/mapstruct/Mappings done


Dynamic libraries:
0x000000013fea0000 - 0x000000013fed7000 	C:\Program Files (x86)\Common Files\Oracle\Java\javapath\java.exe
0x0000000077a90000 - 0x0000000077c2f000 	C:\Windows\SYSTEM32\ntdll.dll
0x0000000077970000 - 0x0000000077a8f000 	C:\Windows\system32\kernel32.dll
0x000007fefd690000 - 0x000007fefd6f7000 	C:\Windows\system32\KERNELBASE.dll
0x000007fefe290000 - 0x000007fefe36b000 	C:\Windows\system32\ADVAPI32.dll
0x000007fefdda0000 - 0x000007fefde3f000 	C:\Windows\system32\msvcrt.dll
0x000007fefe140000 - 0x000007fefe15f000 	C:\Windows\SYSTEM32\sechost.dll
0x000007fefe160000 - 0x000007fefe28c000 	C:\Windows\system32\RPCRT4.dll
0x0000000077870000 - 0x000000007796a000 	C:\Windows\system32\USER32.dll
0x000007fefdd30000 - 0x000007fefdd97000 	C:\Windows\system32\GDI32.dll
0x000007fefdf00000 - 0x000007fefdf0e000 	C:\Windows\system32\LPK.dll
0x000007fefe070000 - 0x000007fefe13b000 	C:\Windows\system32\USP10.dll
0x000007fefbf80000 - 0x000007fefc175000 	C:\Windows\WinSxS\amd64_microsoft.windows.common-controls_6595b64144ccf1df_6.0.7601.24483_none_e372d88f30fbb845\COMCTL32.dll
0x000007fefde40000 - 0x000007fefdeb1000 	C:\Windows\system32\SHLWAPI.dll
0x000007fefded0000 - 0x000007fefdefe000 	C:\Windows\system32\IMM32.DLL
0x000007fefdf10000 - 0x000007fefe01b000 	C:\Windows\system32\MSCTF.dll
0x0000000074a70000 - 0x0000000074b42000 	C:\Program Files\Java\jre1.8.0_231\bin\msvcr100.dll
0x000000006dbd0000 - 0x000000006e476000 	C:\Program Files\Java\jre1.8.0_231\bin\server\jvm.dll
0x000007fefabc0000 - 0x000007fefabc9000 	C:\Windows\system32\WSOCK32.dll
0x000007fefe020000 - 0x000007fefe06d000 	C:\Windows\system32\WS2_32.dll
0x000007fefdec0000 - 0x000007fefdec8000 	C:\Windows\system32\NSI.dll
0x000007fef8e20000 - 0x000007fef8e5b000 	C:\Windows\system32\WINMM.dll
0x000007fefc840000 - 0x000007fefc84c000 	C:\Windows\system32\VERSION.dll
0x0000000077c30000 - 0x0000000077c37000 	C:\Windows\system32\PSAPI.DLL
0x000007fefbf50000 - 0x000007fefbf5f000 	C:\Program Files\Java\jre1.8.0_231\bin\verify.dll
0x000007fef6d80000 - 0x000007fef6da9000 	C:\Program Files\Java\jre1.8.0_231\bin\java.dll
0x000007fefac20000 - 0x000007fefac36000 	C:\Program Files\Java\jre1.8.0_231\bin\zip.dll
0x000007fefeb80000 - 0x000007feff90b000 	C:\Windows\system32\SHELL32.dll
0x000007fefdb30000 - 0x000007fefdd2f000 	C:\Windows\system32\ole32.dll
0x000007fefd5e0000 - 0x000007fefd5ef000 	C:\Windows\system32\profapi.dll
0x000007fef6d70000 - 0x000007fef6d7d000 	C:\Program Files\Java\jre1.8.0_231\bin\management.dll
0x000007fef6d50000 - 0x000007fef6d6a000 	C:\Program Files\Java\jre1.8.0_231\bin\net.dll
0x000007fefcd20000 - 0x000007fefcd75000 	C:\Windows\system32\mswsock.dll
0x000007fefcd10000 - 0x000007fefcd17000 	C:\Windows\System32\wship6.dll
0x000007fefb360000 - 0x000007fefb375000 	C:\Windows\system32\NLAapi.dll
0x000007fefb000000 - 0x000007fefb015000 	C:\Windows\system32\napinsp.dll
0x000007fefafe0000 - 0x000007fefaff9000 	C:\Windows\system32\pnrpnsp.dll
0x000007fefcba0000 - 0x000007fefcbfb000 	C:\Windows\system32\DNSAPI.dll
0x000007fefafd0000 - 0x000007fefafdb000 	C:\Windows\System32\winrnr.dll
0x000007fefc710000 - 0x000007fefc717000 	C:\Windows\System32\wshtcpip.dll
0x000007fefc810000 - 0x000007fefc837000 	C:\Windows\system32\IPHLPAPI.DLL
0x000007fefc800000 - 0x000007fefc80b000 	C:\Windows\system32\WINNSI.DLL
0x000007fefa600000 - 0x000007fefa608000 	C:\Windows\system32\rasadhlp.dll
0x000007fefaeb0000 - 0x000007fefaf03000 	C:\Windows\System32\fwpuclnt.dll

VM Arguments:
jvm_args: -Xms512m 
java_command: cpn-ide-back-1.24-SNAPSHOT.jar
java_class_path (initial): cpn-ide-back-1.24-SNAPSHOT.jar
Launcher Type: SUN_STANDARD

Environment Variables:
PATH=C:\Program Files\nodejs\node_modules\npm\node_modules\npm-lifecycle\node-gyp-bin;C:\INDEV\development\tue\cpn-js\cpn-ide-front\node_modules\.bin;C:\Program Files (x86)\Common Files\Oracle\Java\javapath;C:\Windows\system32;C:\Windows;C:\Windows\System32\Wbem;C:\Windows\System32\WindowsPowerShell\v1.0\;C:\Users\user\.dnx\bin;C:\Program Files\Microsoft DNX\Dnvm\;C:\Program Files\Microsoft SQL Server\130\Tools\Binn\;C:\Program Files\Git\cmd;c:\Qt\5.11.2\msvc2015_64\bin\;C:\Program Files (x86)\SMLNJ\bin\;C:\Program Files\nodejs\;;C:\Users\user\AppData\Local\Programs\Microsoft VS Code\bin;C:\Users\user\AppData\Roaming\npm;c:\Gradle\gradle-6.0.1\bin
USERNAME=user
OS=Windows_NT
PROCESSOR_IDENTIFIER=Intel64 Family 6 Model 58 Stepping 9, GenuineIntel



---------------  S Y S T E M  ---------------

OS: Windows 7 , 64 bit Build 7601 (6.1.7601.24535)

CPU:total 2 (initial active 2) (2 cores per cpu, 1 threads per core) family 6 model 58 stepping 9, cmov, cx8, fxsr, mmx, sse, sse2, sse3, ssse3, sse4.1, sse4.2, popcnt, avx, aes, clmul, tsc, tscinvbit, tscinv

Memory: 4k page, physical 4193848k(988772k free), swap 4191948k(5404k free)

vm_info: Java HotSpot(TM) 64-Bit Server VM (25.231-b11) for windows-amd64 JRE (1.8.0_231-b11), built on Oct  5 2019 03:11:30 by "java_re" with MS VC++ 10.0 (VS2010)

time: Wed Dec 04 18:22:20 2019
timezone: RTZ 2 (зима)
elapsed time: 4 seconds (0d 0h 0m 4s)

