#
# There is insufficient memory for the Java Runtime Environment to continue.
# Native memory allocation (malloc) failed to allocate 1253296 bytes for Chunk::new
# Possible reasons:
#   The system is out of physical RAM or swap space
#   The process is running with CompressedOops enabled, and the Java Heap may be blocking the growth of the native heap
# Possible solutions:
#   Reduce memory load on the system
#   Increase physical memory or swap space
#   Check if swap backing store is full
#   Decrease Java heap size (-Xmx/-Xms)
#   Decrease number of Java threads
#   Decrease Java thread stack sizes (-Xss)
#   Set larger code cache with -XX:ReservedCodeCacheSize=
#   JVM is running with Unscaled Compressed Oops mode in which the Java heap is
#     placed in the first 4GB address space. The Java Heap base address is the
#     maximum limit for the native heap growth. Please use -XX:HeapBaseMinAddress
#     to set the Java Heap base and to place the Java Heap above 4GB virtual address.
# This output file may be truncated or incomplete.
#
#  Out of Memory Error (allocation.cpp:389), pid=3612, tid=0x0000000000001054
#
# JRE version: Java(TM) SE Runtime Environment (8.0_231-b11) (build 1.8.0_231-b11)
# Java VM: Java HotSpot(TM) 64-Bit Server VM (25.231-b11 mixed mode windows-amd64 compressed oops)
# Failed to write core dump. Minidumps are not enabled by default on client versions of Windows
#

---------------  T H R E A D  ---------------

Current thread (0x0000000054cfa000):  JavaThread "C2 CompilerThread0" daemon [_thread_in_native, id=4180, stack(0x0000000056020000,0x0000000056120000)]

Stack: [0x0000000056020000,0x0000000056120000]
[error occurred during error reporting (printing stack bounds), id 0xc0000005]

Native frames: (J=compiled Java code, j=interpreted, Vv=VM code, C=native code)


Current CompileTask:
C2:   4557 2251 %     4       org.springframework.asm.ClassReader::readCode @ 71 (5085 bytes)


---------------  P R O C E S S  ---------------

Java Threads: ( => current thread )
  0x0000000056146800 JavaThread "Service Thread" daemon [_thread_blocked, id=3756, stack(0x0000000056570000,0x0000000056670000)]
  0x0000000054cfe000 JavaThread "C1 CompilerThread1" daemon [_thread_blocked, id=4516, stack(0x0000000055bc0000,0x0000000055cc0000)]
=>0x0000000054cfa000 JavaThread "C2 CompilerThread0" daemon [_thread_in_native, id=4180, stack(0x0000000056020000,0x0000000056120000)]
  0x0000000054cf9000 JavaThread "Attach Listener" daemon [_thread_blocked, id=1452, stack(0x0000000055f10000,0x0000000056010000)]
  0x0000000054cf5800 JavaThread "Signal Dispatcher" daemon [_thread_blocked, id=1028, stack(0x0000000055d80000,0x0000000055e80000)]
  0x0000000054cd3800 JavaThread "Finalizer" daemon [_thread_blocked, id=4524, stack(0x0000000055960000,0x0000000055a60000)]
  0x0000000054c8c000 JavaThread "Reference Handler" daemon [_thread_blocked, id=4896, stack(0x0000000055ac0000,0x0000000055bc0000)]
  0x0000000002215000 JavaThread "main" [_thread_in_Java, id=4756, stack(0x00000000023e0000,0x00000000024e0000)]

Other Threads:
  0x0000000054c81800 VMThread [stack: 0x00000000557e0000,0x00000000558e0000] [id=3856]
  0x0000000056149800 WatcherThread [stack: 0x0000000056780000,0x0000000056880000] [id=3848]

VM state:not at safepoint (normal execution)

VM Mutex/Monitor currently owned by a thread: None

heap address: 0x00000000c0000000, size: 1024 MB, Compressed Oops mode: 32-bit
Narrow klass base: 0x0000000000000000, Narrow klass shift: 0
Compressed class space size: 1073741824 Address: 0x0000000014350000

Heap:
 PSYoungGen      total 284672K, used 166880K [0x00000000eab00000, 0x00000000fd600000, 0x0000000100000000)
  eden space 263168K, 63% used [0x00000000eab00000,0x00000000f4df80c0,0x00000000fac00000)
  from space 21504K, 0% used [0x00000000fc100000,0x00000000fc100000,0x00000000fd600000)
  to   space 21504K, 0% used [0x00000000fac00000,0x00000000fac00000,0x00000000fc100000)
 ParOldGen       total 349696K, used 5515K [0x00000000c0000000, 0x00000000d5580000, 0x00000000eab00000)
  object space 349696K, 1% used [0x00000000c0000000,0x00000000c0562e50,0x00000000d5580000)
 Metaspace       used 23440K, capacity 24310K, committed 24576K, reserved 1071104K
  class space    used 3077K, capacity 3299K, committed 3328K, reserved 1048576K

Card table byte_map: [0x0000000011b70000,0x0000000011d80000] byte_map_base: 0x0000000011570000

Marking Bits: (ParMarkBitMap*) 0x000000006eca6d90
 Begin Bits: [0x0000000012150000, 0x0000000013150000)
 End Bits:   [0x0000000013150000, 0x0000000014150000)

Polling page: 0x0000000000230000

CodeCache: size=245760Kb used=7226Kb max_used=7226Kb free=238533Kb
 bounds [0x00000000027b0000, 0x0000000002ed0000, 0x00000000117b0000]
 total_blobs=2729 nmethods=2368 adapters=273
 compilation: enabled

Compilation events (10 events):
Event: 4.542 Thread 0x0000000054cfe000 2382       2       org.springframework.core.env.SystemEnvironmentPropertySource::isSecurityManagerPresent (12 bytes)
Event: 4.542 Thread 0x0000000054cfe000 nmethod 2382 0x0000000002ebf5d0 code [0x0000000002ebf720, 0x0000000002ebf890]
Event: 4.542 Thread 0x0000000054cfe000 2383       2       java.util.Collections$UnmodifiableMap::containsKey (11 bytes)
Event: 4.542 Thread 0x0000000054cfe000 nmethod 2383 0x0000000002ebf910 code [0x0000000002ebfa80, 0x0000000002ebfc08]
Event: 4.542 Thread 0x0000000054cfe000 2379       2       org.springframework.core.annotation.OrderUtils::getOrder (85 bytes)
Event: 4.543 Thread 0x0000000054cfe000 nmethod 2379 0x0000000002ebfc90 code [0x0000000002ebfea0, 0x0000000002ec0518]
Event: 4.543 Thread 0x0000000054cfe000 2380       2       org.springframework.boot.context.properties.source.ConfigurationPropertyName::getElement (161 bytes)
Event: 4.544 Thread 0x0000000054cfe000 nmethod 2380 0x0000000002ec0c90 code [0x0000000002ec0ec0, 0x0000000002ec14a8]
Event: 4.548 Thread 0x0000000054cfe000 2384       2       org.springframework.core.type.classreading.MethodMetadataReadingVisitor::isAnnotated (9 bytes)
Event: 4.548 Thread 0x0000000054cfe000 nmethod 2384 0x0000000002ec1a90 code [0x0000000002ec1c00, 0x0000000002ec1d88]

GC Heap History (10 events):
Event: 2.092 GC heap before
{Heap before GC invocations=1 (full 0):
 PSYoungGen      total 153088K, used 131584K [0x00000000eab00000, 0x00000000f5580000, 0x0000000100000000)
  eden space 131584K, 100% used [0x00000000eab00000,0x00000000f2b80000,0x00000000f2b80000)
  from space 21504K, 0% used [0x00000000f4080000,0x00000000f4080000,0x00000000f5580000)
  to   space 21504K, 0% used [0x00000000f2b80000,0x00000000f2b80000,0x00000000f4080000)
 ParOldGen       total 349696K, used 0K [0x00000000c0000000, 0x00000000d5580000, 0x00000000eab00000)
  object space 349696K, 0% used [0x00000000c0000000,0x00000000c0000000,0x00000000d5580000)
 Metaspace       used 10534K, capacity 10738K, committed 10880K, reserved 1058816K
  class space    used 1305K, capacity 1381K, committed 1408K, reserved 1048576K
Event: 2.100 GC heap after
Heap after GC invocations=1 (full 0):
 PSYoungGen      total 153088K, used 3216K [0x00000000eab00000, 0x00000000f5580000, 0x0000000100000000)
  eden space 131584K, 0% used [0x00000000eab00000,0x00000000eab00000,0x00000000f2b80000)
  from space 21504K, 14% used [0x00000000f2b80000,0x00000000f2ea4020,0x00000000f4080000)
  to   space 21504K, 0% used [0x00000000f4080000,0x00000000f4080000,0x00000000f5580000)
 ParOldGen       total 349696K, used 16K [0x00000000c0000000, 0x00000000d5580000, 0x00000000eab00000)
  object space 349696K, 0% used [0x00000000c0000000,0x00000000c0004000,0x00000000d5580000)
 Metaspace       used 10534K, capacity 10738K, committed 10880K, reserved 1058816K
  class space    used 1305K, capacity 1381K, committed 1408K, reserved 1048576K
}
Event: 2.800 GC heap before
{Heap before GC invocations=2 (full 0):
 PSYoungGen      total 153088K, used 134800K [0x00000000eab00000, 0x00000000f5580000, 0x0000000100000000)
  eden space 131584K, 100% used [0x00000000eab00000,0x00000000f2b80000,0x00000000f2b80000)
  from space 21504K, 14% used [0x00000000f2b80000,0x00000000f2ea4020,0x00000000f4080000)
  to   space 21504K, 0% used [0x00000000f4080000,0x00000000f4080000,0x00000000f5580000)
 ParOldGen       total 349696K, used 16K [0x00000000c0000000, 0x00000000d5580000, 0x00000000eab00000)
  object space 349696K, 0% used [0x00000000c0000000,0x00000000c0004000,0x00000000d5580000)
 Metaspace       used 14654K, capacity 15114K, committed 15360K, reserved 1062912K
  class space    used 1930K, capacity 2045K, committed 2048K, reserved 1048576K
Event: 2.833 GC heap after
Heap after GC invocations=2 (full 0):
 PSYoungGen      total 153088K, used 4656K [0x00000000eab00000, 0x00000000fd600000, 0x0000000100000000)
  eden space 131584K, 0% used [0x00000000eab00000,0x00000000eab00000,0x00000000f2b80000)
  from space 21504K, 21% used [0x00000000f4080000,0x00000000f450c040,0x00000000f5580000)
  to   space 21504K, 0% used [0x00000000f2b80000,0x00000000f2b80000,0x00000000f4080000)
 ParOldGen       total 349696K, used 16K [0x00000000c0000000, 0x00000000d5580000, 0x00000000eab00000)
  object space 349696K, 0% used [0x00000000c0000000,0x00000000c0004000,0x00000000d5580000)
 Metaspace       used 14654K, capacity 15114K, committed 15360K, reserved 1062912K
  class space    used 1930K, capacity 2045K, committed 2048K, reserved 1048576K
}
Event: 3.396 GC heap before
{Heap before GC invocations=3 (full 0):
 PSYoungGen      total 153088K, used 136240K [0x00000000eab00000, 0x00000000fd600000, 0x0000000100000000)
  eden space 131584K, 100% used [0x00000000eab00000,0x00000000f2b80000,0x00000000f2b80000)
  from space 21504K, 21% used [0x00000000f4080000,0x00000000f450c040,0x00000000f5580000)
  to   space 21504K, 0% used [0x00000000f2b80000,0x00000000f2b80000,0x00000000f4080000)
 ParOldGen       total 349696K, used 16K [0x00000000c0000000, 0x00000000d5580000, 0x00000000eab00000)
  object space 349696K, 0% used [0x00000000c0000000,0x00000000c0004000,0x00000000d5580000)
 Metaspace       used 19378K, capacity 19950K, committed 20096K, reserved 1067008K
  class space    used 2497K, capacity 2671K, committed 2688K, reserved 1048576K
Event: 3.407 GC heap after
Heap after GC invocations=3 (full 0):
 PSYoungGen      total 153088K, used 5456K [0x00000000eab00000, 0x00000000fd600000, 0x0000000100000000)
  eden space 131584K, 0% used [0x00000000eab00000,0x00000000eab00000,0x00000000f2b80000)
  from space 21504K, 25% used [0x00000000f2b80000,0x00000000f30d4010,0x00000000f4080000)
  to   space 21504K, 0% used [0x00000000fc100000,0x00000000fc100000,0x00000000fd600000)
 ParOldGen       total 349696K, used 88K [0x00000000c0000000, 0x00000000d5580000, 0x00000000eab00000)
  object space 349696K, 0% used [0x00000000c0000000,0x00000000c0016010,0x00000000d5580000)
 Metaspace       used 19378K, capacity 19950K, committed 20096K, reserved 1067008K
  class space    used 2497K, capacity 2671K, committed 2688K, reserved 1048576K
}
Event: 3.599 GC heap before
{Heap before GC invocations=4 (full 0):
 PSYoungGen      total 153088K, used 50213K [0x00000000eab00000, 0x00000000fd600000, 0x0000000100000000)
  eden space 131584K, 34% used [0x00000000eab00000,0x00000000ed6b5740,0x00000000f2b80000)
  from space 21504K, 25% used [0x00000000f2b80000,0x00000000f30d4010,0x00000000f4080000)
  to   space 21504K, 0% used [0x00000000fc100000,0x00000000fc100000,0x00000000fd600000)
 ParOldGen       total 349696K, used 88K [0x00000000c0000000, 0x00000000d5580000, 0x00000000eab00000)
  object space 349696K, 0% used [0x00000000c0000000,0x00000000c0016010,0x00000000d5580000)
 Metaspace       used 20665K, capacity 21166K, committed 21296K, reserved 1067008K
  class space    used 2694K, capacity 2863K, committed 2944K, reserved 1048576K
Event: 3.618 GC heap after
Heap after GC invocations=4 (full 0):
 PSYoungGen      total 284672K, used 5504K [0x00000000eab00000, 0x00000000fd600000, 0x0000000100000000)
  eden space 263168K, 0% used [0x00000000eab00000,0x00000000eab00000,0x00000000fac00000)
  from space 21504K, 25% used [0x00000000fc100000,0x00000000fc660020,0x00000000fd600000)
  to   space 21504K, 0% used [0x00000000fac00000,0x00000000fac00000,0x00000000fc100000)
 ParOldGen       total 349696K, used 88K [0x00000000c0000000, 0x00000000d5580000, 0x00000000eab00000)
  object space 349696K, 0% used [0x00000000c0000000,0x00000000c0016010,0x00000000d5580000)
 Metaspace       used 20665K, capacity 21166K, committed 21296K, reserved 1067008K
  class space    used 2694K, capacity 2863K, committed 2944K, reserved 1048576K
}
Event: 3.618 GC heap before
{Heap before GC invocations=5 (full 1):
 PSYoungGen      total 284672K, used 5504K [0x00000000eab00000, 0x00000000fd600000, 0x0000000100000000)
  eden space 263168K, 0% used [0x00000000eab00000,0x00000000eab00000,0x00000000fac00000)
  from space 21504K, 25% used [0x00000000fc100000,0x00000000fc660020,0x00000000fd600000)
  to   space 21504K, 0% used [0x00000000fac00000,0x00000000fac00000,0x00000000fc100000)
 ParOldGen       total 349696K, used 88K [0x00000000c0000000, 0x00000000d5580000, 0x00000000eab00000)
  object space 349696K, 0% used [0x00000000c0000000,0x00000000c0016010,0x00000000d5580000)
 Metaspace       used 20665K, capacity 21166K, committed 21296K, reserved 1067008K
  class space    used 2694K, capacity 2863K, committed 2944K, reserved 1048576K
Event: 3.681 GC heap after
Heap after GC invocations=5 (full 1):
 PSYoungGen      total 284672K, used 0K [0x00000000eab00000, 0x00000000fd600000, 0x0000000100000000)
  eden space 263168K, 0% used [0x00000000eab00000,0x00000000eab00000,0x00000000fac00000)
  from space 21504K, 0% used [0x00000000fc100000,0x00000000fc100000,0x00000000fd600000)
  to   space 21504K, 0% used [0x00000000fac00000,0x00000000fac00000,0x00000000fc100000)
 ParOldGen       total 349696K, used 5515K [0x00000000c0000000, 0x00000000d5580000, 0x00000000eab00000)
  object space 349696K, 1% used [0x00000000c0000000,0x00000000c0562e50,0x00000000d5580000)
 Metaspace       used 20665K, capacity 21166K, committed 21296K, reserved 1067008K
  class space    used 2694K, capacity 2863K, committed 2944K, reserved 1048576K
}

Deoptimization events (10 events):
Event: 3.695 Thread 0x0000000056e6d000 Uncommon trap: reason=unstable_if action=reinterpret pc=0x0000000002c885a4 method=jdk.internal.org.objectweb.asm.Type.getArgumentsAndReturnSizes(Ljava/lang/String;)I @ 47
Event: 3.718 Thread 0x0000000002215000 Uncommon trap: reason=unstable_if action=reinterpret pc=0x0000000002ce2ac4 method=sun.misc.ASCIICaseInsensitiveComparator.compare(Ljava/lang/String;Ljava/lang/String;)I @ 83
Event: 3.841 Thread 0x0000000002215000 Uncommon trap: reason=class_check action=maybe_recompile pc=0x0000000002d1f950 method=java.net.URL.getURLStreamHandler(Ljava/lang/String;)Ljava/net/URLStreamHandler; @ 7
Event: 3.878 Thread 0x0000000002215000 Uncommon trap: reason=class_check action=maybe_recompile pc=0x0000000002d1f950 method=java.net.URL.getURLStreamHandler(Ljava/lang/String;)Ljava/net/URLStreamHandler; @ 7
Event: 3.890 Thread 0x0000000002215000 Uncommon trap: reason=class_check action=maybe_recompile pc=0x0000000002d1f950 method=java.net.URL.getURLStreamHandler(Ljava/lang/String;)Ljava/net/URLStreamHandler; @ 7
Event: 3.904 Thread 0x0000000002215000 Uncommon trap: reason=class_check action=maybe_recompile pc=0x0000000002d1f950 method=java.net.URL.getURLStreamHandler(Ljava/lang/String;)Ljava/net/URLStreamHandler; @ 7
Event: 4.144 Thread 0x0000000002215000 Uncommon trap: reason=unstable_if action=reinterpret pc=0x0000000002af8910 method=java.time.LocalDate.compareTo0(Ljava/time/LocalDate;)I @ 11
Event: 4.381 Thread 0x0000000002215000 Uncommon trap: reason=unstable_if action=reinterpret pc=0x0000000002c64b18 method=org.springframework.boot.context.properties.source.ConfigurationPropertyName$ElementsParser.updateType(Lorg/springframework/boot/context/properties/source/ConfigurationPrope
Event: 4.381 Thread 0x0000000002215000 Uncommon trap: reason=unstable_if action=reinterpret pc=0x0000000002c5fd34 method=org.springframework.boot.context.properties.source.ConfigurationPropertyName$ElementsParser.isValidChar(CI)Z @ 21
Event: 4.381 Thread 0x0000000002215000 Uncommon trap: reason=unstable_if action=reinterpret pc=0x0000000002c9d15c method=org.springframework.boot.context.properties.source.ConfigurationPropertyName$Elements.canShortcutWithSource(Lorg/springframework/boot/context/properties/source/Configuration

Classes redefined (0 events):
No events

Internal exceptions (10 events):
Event: 3.298 Thread 0x0000000002215000 Exception <a 'java/lang/ClassNotFoundException': org/springframework/context/ResourceLoaderAwareCustomizer> (0x00000000f1344478) thrown at [C:\re\workspace\8-2-build-windows-amd64-cygwin\jdk8u231\13620\hotspot\src\share\vm\classfile\systemDictionary.cpp, 
Event: 3.299 Thread 0x0000000002215000 Exception <a 'java/lang/ClassNotFoundException': org/springframework/beans/factory/AwareCustomizer> (0x00000000f13afe88) thrown at [C:\re\workspace\8-2-build-windows-amd64-cygwin\jdk8u231\13620\hotspot\src\share\vm\classfile\systemDictionary.cpp, line 210
Event: 3.299 Thread 0x0000000002215000 Exception <a 'java/lang/ClassNotFoundException': org/springframework/beans/factory/BeanClassLoaderAwareCustomizer> (0x00000000f1426500) thrown at [C:\re\workspace\8-2-build-windows-amd64-cygwin\jdk8u231\13620\hotspot\src\share\vm\classfile\systemDictionar
Event: 3.300 Thread 0x0000000002215000 Exception <a 'java/lang/ClassNotFoundException': org/springframework/beans/factory/AwareCustomizer> (0x00000000f1491f08) thrown at [C:\re\workspace\8-2-build-windows-amd64-cygwin\jdk8u231\13620\hotspot\src\share\vm\classfile\systemDictionary.cpp, line 210
Event: 3.301 Thread 0x0000000002215000 Exception <a 'java/lang/ClassNotFoundException': org/springframework/context/EnvironmentAwareCustomizer> (0x00000000f14ffee8) thrown at [C:\re\workspace\8-2-build-windows-amd64-cygwin\jdk8u231\13620\hotspot\src\share\vm\classfile\systemDictionary.cpp, lin
Event: 3.302 Thread 0x0000000002215000 Exception <a 'java/lang/ClassNotFoundException': org/springframework/beans/factory/AwareCustomizer> (0x00000000f156b7d0) thrown at [C:\re\workspace\8-2-build-windows-amd64-cygwin\jdk8u231\13620\hotspot\src\share\vm\classfile\systemDictionary.cpp, line 210
Event: 3.338 Thread 0x0000000002215000 Exception <a 'java/lang/ClassNotFoundException': org/springframework/boot/loader/jar/Handler> (0x00000000f1ccb3f8) thrown at [C:\re\workspace\8-2-build-windows-amd64-cygwin\jdk8u231\13620\hotspot\src\share\vm\classfile\systemDictionary.cpp, line 210]
Event: 3.731 Thread 0x0000000056e6d000 Exception <a 'java/lang/IncompatibleClassChangeError': Found class java.lang.Object, but interface was expected> (0x00000000eac678c0) thrown at [C:\re\workspace\8-2-build-windows-amd64-cygwin\jdk8u231\13620\hotspot\src\share\vm\interpreter\linkResolver.cp
Event: 3.739 Thread 0x0000000056e6d000 Exception <a 'java/lang/NoClassDefFoundError': org/apache/catalina/mbeans/MBeanFactory> (0x00000000eb58dd28) thrown at [C:\re\workspace\8-2-build-windows-amd64-cygwin\jdk8u231\13620\hotspot\src\share\vm\classfile\systemDictionary.cpp, line 199]
Event: 4.158 Thread 0x0000000002215000 Exception <a 'java/lang/IncompatibleClassChangeError': Found class java.lang.Object, but interface was expected> (0x00000000f0d21cc8) thrown at [C:\re\workspace\8-2-build-windows-amd64-cygwin\jdk8u231\13620\hotspot\src\share\vm\interpreter\linkResolver.cp

Events (10 events):
Event: 4.548 loading class org/springframework/web/servlet/ViewResolver
Event: 4.549 loading class org/springframework/web/servlet/ViewResolver done
Event: 4.549 loading class org/springframework/web/context/support/WebApplicationObjectSupport
Event: 4.549 loading class org/springframework/web/context/support/WebApplicationObjectSupport done
Event: 4.549 loading class org/springframework/context/support/ApplicationObjectSupport
Event: 4.549 loading class org/springframework/context/support/ApplicationObjectSupport done
Event: 4.550 loading class org/springframework/boot/autoconfigure/web/servlet/error/ErrorMvcAutoConfiguration$WhitelabelErrorViewConfiguration
Event: 4.550 loading class org/springframework/boot/autoconfigure/web/servlet/error/ErrorMvcAutoConfiguration$WhitelabelErrorViewConfiguration done
Event: 4.551 loading class org/springframework/web/servlet/View
Event: 4.551 loading class org/springframework/web/servlet/View done


Dynamic libraries:
0x000000013f9a0000 - 0x000000013f9d7000 	C:\Program Files (x86)\Common Files\Oracle\Java\javapath\java.exe
0x0000000077a90000 - 0x0000000077c2f000 	C:\Windows\SYSTEM32\ntdll.dll
0x0000000077970000 - 0x0000000077a8f000 	C:\Windows\system32\kernel32.dll
0x000007fefd690000 - 0x000007fefd6f7000 	C:\Windows\system32\KERNELBASE.dll
0x000007fefe290000 - 0x000007fefe36b000 	C:\Windows\system32\ADVAPI32.dll
0x000007fefdda0000 - 0x000007fefde3f000 	C:\Windows\system32\msvcrt.dll
0x000007fefe140000 - 0x000007fefe15f000 	C:\Windows\SYSTEM32\sechost.dll
0x000007fefe160000 - 0x000007fefe28c000 	C:\Windows\system32\RPCRT4.dll
0x0000000077870000 - 0x000000007796a000 	C:\Windows\system32\USER32.dll
0x000007fefdd30000 - 0x000007fefdd97000 	C:\Windows\system32\GDI32.dll
0x000007fefdf00000 - 0x000007fefdf0e000 	C:\Windows\system32\LPK.dll
0x000007fefe070000 - 0x000007fefe13b000 	C:\Windows\system32\USP10.dll
0x000007fefbf80000 - 0x000007fefc175000 	C:\Windows\WinSxS\amd64_microsoft.windows.common-controls_6595b64144ccf1df_6.0.7601.24483_none_e372d88f30fbb845\COMCTL32.dll
0x000007fefde40000 - 0x000007fefdeb1000 	C:\Windows\system32\SHLWAPI.dll
0x000007fefded0000 - 0x000007fefdefe000 	C:\Windows\system32\IMM32.DLL
0x000007fefdf10000 - 0x000007fefe01b000 	C:\Windows\system32\MSCTF.dll
0x0000000074b50000 - 0x0000000074c22000 	C:\Program Files\Java\jre1.8.0_231\bin\msvcr100.dll
0x000000006e480000 - 0x000000006ed26000 	C:\Program Files\Java\jre1.8.0_231\bin\server\jvm.dll
0x000007fefabc0000 - 0x000007fefabc9000 	C:\Windows\system32\WSOCK32.dll
0x000007fefe020000 - 0x000007fefe06d000 	C:\Windows\system32\WS2_32.dll
0x000007fefdec0000 - 0x000007fefdec8000 	C:\Windows\system32\NSI.dll
0x000007fef8e20000 - 0x000007fef8e5b000 	C:\Windows\system32\WINMM.dll
0x000007fefc840000 - 0x000007fefc84c000 	C:\Windows\system32\VERSION.dll
0x0000000077c30000 - 0x0000000077c37000 	C:\Windows\system32\PSAPI.DLL
0x000007fef22a0000 - 0x000007fef22af000 	C:\Program Files\Java\jre1.8.0_231\bin\verify.dll
0x000007fef2270000 - 0x000007fef2299000 	C:\Program Files\Java\jre1.8.0_231\bin\java.dll
0x000007fef2250000 - 0x000007fef2266000 	C:\Program Files\Java\jre1.8.0_231\bin\zip.dll
0x000007fefeb80000 - 0x000007feff90b000 	C:\Windows\system32\SHELL32.dll
0x000007fefdb30000 - 0x000007fefdd2f000 	C:\Windows\system32\ole32.dll
0x000007fefd5e0000 - 0x000007fefd5ef000 	C:\Windows\system32\profapi.dll
0x000007fef3240000 - 0x000007fef324d000 	C:\Program Files\Java\jre1.8.0_231\bin\management.dll
0x000007fef2230000 - 0x000007fef224a000 	C:\Program Files\Java\jre1.8.0_231\bin\net.dll
0x000007fefcd20000 - 0x000007fefcd75000 	C:\Windows\system32\mswsock.dll
0x000007fefcd10000 - 0x000007fefcd17000 	C:\Windows\System32\wship6.dll
0x000007fefb360000 - 0x000007fefb375000 	C:\Windows\system32\NLAapi.dll
0x000007fefb000000 - 0x000007fefb015000 	C:\Windows\system32\napinsp.dll
0x000007fefafe0000 - 0x000007fefaff9000 	C:\Windows\system32\pnrpnsp.dll
0x000007fefcba0000 - 0x000007fefcbfb000 	C:\Windows\system32\DNSAPI.dll
0x000007fefafd0000 - 0x000007fefafdb000 	C:\Windows\System32\winrnr.dll
0x000007fefc710000 - 0x000007fefc717000 	C:\Windows\System32\wshtcpip.dll
0x000007fefc810000 - 0x000007fefc837000 	C:\Windows\system32\IPHLPAPI.DLL
0x000007fefc800000 - 0x000007fefc80b000 	C:\Windows\system32\WINNSI.DLL
0x000007fefa600000 - 0x000007fefa608000 	C:\Windows\system32\rasadhlp.dll
0x000007fefaeb0000 - 0x000007fefaf03000 	C:\Windows\System32\fwpuclnt.dll

VM Arguments:
jvm_args: -Xms512m 
java_command: cpn-ide-back-1.24-SNAPSHOT.jar
java_class_path (initial): cpn-ide-back-1.24-SNAPSHOT.jar
Launcher Type: SUN_STANDARD

Environment Variables:
PATH=C:\Program Files\nodejs\node_modules\npm\node_modules\npm-lifecycle\node-gyp-bin;C:\INDEV\development\tue\cpn-js\cpn-ide-front\node_modules\.bin;C:\Program Files (x86)\Common Files\Oracle\Java\javapath;C:\Windows\system32;C:\Windows;C:\Windows\System32\Wbem;C:\Windows\System32\WindowsPowerShell\v1.0\;C:\Users\user\.dnx\bin;C:\Program Files\Microsoft DNX\Dnvm\;C:\Program Files\Microsoft SQL Server\130\Tools\Binn\;C:\Program Files\Git\cmd;c:\Qt\5.11.2\msvc2015_64\bin\;C:\Program Files (x86)\SMLNJ\bin\;C:\Program Files\nodejs\;;C:\Users\user\AppData\Local\Programs\Microsoft VS Code\bin;C:\Users\user\AppData\Roaming\npm;c:\Gradle\gradle-6.0.1\bin
USERNAME=user
OS=Windows_NT
PROCESSOR_IDENTIFIER=Intel64 Family 6 Model 58 Stepping 9, GenuineIntel



---------------  S Y S T E M  ---------------

OS: Windows 7 , 64 bit Build 7601 (6.1.7601.24535)

CPU:total 2 (initial active 2) (2 cores per cpu, 1 threads per core) family 6 model 58 stepping 9, cmov, cx8, fxsr, mmx, sse, sse2, sse3, ssse3, sse4.1, sse4.2, popcnt, avx, aes, clmul, tsc, tscinvbit, tscinv

Memory: 4k page, physical 4193848k(950404k free), swap 4191948k(5164k free)

vm_info: Java HotSpot(TM) 64-Bit Server VM (25.231-b11) for windows-amd64 JRE (1.8.0_231-b11), built on Oct  5 2019 03:11:30 by "java_re" with MS VC++ 10.0 (VS2010)

time: Wed Dec 04 18:06:59 2019
timezone: RTZ 2 (зима)
elapsed time: 4 seconds (0d 0h 0m 4s)

