11:29:16.073 › APP PATH =  /Users/egorovsergeyv/INDEV/development/denisov/cpn-js/cpn-ide-front
11:29:16.080 › isDev =  true
11:29:16.081 › directory =  /Users/egorovsergeyv/INDEV/development/denisov/cpn-js/cpn-ide-front/app
11:29:16.082 › process.cwd() =  /Users/egorovsergeyv/INDEV/development/denisov/cpn-js/cpn-ide-front
11:29:16.083 › __dirname =  /Users/egorovsergeyv/INDEV/development/denisov/cpn-js/cpn-ide-front/electron/dist
11:29:16.120 › scriptFilename =  run.sh
11:29:16.122 › runScriptPath =  /Users/egorovsergeyv/INDEV/development/denisov/cpn-js/cpn-ide-front/electron/backend/run.sh
11:29:33.528 › mainWindow, close, code =  { preventDefault: [Function: preventDefault],
  sender:
   BrowserWindow {
     _events:
      { blur: [Function],
        focus: [Function],
        show: [Function: visibilityChanged],
        hide: [Function: visibilityChanged],
        minimize: [Function: visibilityChanged],
        maximize: [Function: visibilityChanged],
        restore: [Function: visibilityChanged],
        close: [Function] },
     _eventsCount: 8,
     devToolsWebContents: [Getter] } }
11:29:33.537 › killCpnServer()
11:29:33.537 › killCpnServer(), findProcess(), shellRunner.pid =  15255
11:29:33.553 › app, before-quit
11:29:33.554 › killCpnServer()
11:29:33.555 › killCpnServer(), findProcess(), shellRunner.pid =  15255
